<!DOCTYPE html>

<html>
  <head>
  <meta charset='utf-8'>
  <title>TestNG reports</title>

    <link type="text/css" href="testng-reports1.css" rel="stylesheet" id="ultra" />
    <link type="text/css" href="testng-reports.css" rel="stylesheet" id="retro" disabled="false"/>
    <script type="text/javascript" src="jquery-3.6.0.min.js"></script>
    <script type="text/javascript" src="testng-reports.js"></script>
    <script type="text/javascript" src="https://www.google.com/jsapi"></script>
    <script type='text/javascript'>
      google.load('visualization', '1', {packages:['table']});
      google.setOnLoadCallback(drawTable);
      var suiteTableInitFunctions = new Array();
      var suiteTableData = new Array();
    </script>
    <!--
      <script type="text/javascript" src="jquery-ui/js/jquery-ui-1.8.16.custom.min.js"></script>
     -->
  </head>

  <body>    <div class="top-banner-root">
      <span class="top-banner-title-font">Test results</span>
      <button id="button" class="button">Switch Retro Theme</button> <!-- button -->
      <br/>
      <span class="top-banner-font-1">1 suite, 4 failed tests</span>
    </div> <!-- top-banner-root -->
    <div class="navigator-root">
      <div class="navigator-suite-header">
        <span>All suites</span>
        <a href="#" title="Collapse/expand all the suites" class="collapse-all-link">
          <img src="collapseall.gif" class="collapse-all-icon">
          </img> <!-- collapse-all-icon -->
        </a> <!-- collapse-all-link -->
      </div> <!-- navigator-suite-header -->
      <div class="suite">
        <div class="rounded-window">
          <div class="suite-header light-rounded-window-top">
            <a href="#" panel-name="suite-SauceDemo_Test_Suite" class="navigator-link">
              <span class="suite-name border-failed">SauceDemo Test Suite</span>
            </a> <!-- navigator-link -->
          </div> <!-- suite-header light-rounded-window-top -->
          <div class="navigator-suite-content">
            <div class="suite-section-title">
              <span>Info</span>
            </div> <!-- suite-section-title -->
            <div class="suite-section-content">
              <ul>
                <li>
                  <a href="#" panel-name="test-xml-SauceDemo_Test_Suite" class="navigator-link ">
                    <span>C:\Users\Shivkumar.K\Selenium-Workspace\SauceDemoTest_AllureReport\testng.xml</span>
                  </a> <!-- navigator-link  -->
                </li>
                <li>
                  <a href="#" panel-name="testlist-SauceDemo_Test_Suite" class="navigator-link ">
                    <span class="test-stats">3 tests</span>
                  </a> <!-- navigator-link  -->
                </li>
                <li>
                  <a href="#" panel-name="group-SauceDemo_Test_Suite" class="navigator-link ">
                    <span>0 groups</span>
                  </a> <!-- navigator-link  -->
                </li>
                <li>
                  <a href="#" panel-name="times-SauceDemo_Test_Suite" class="navigator-link ">
                    <span>Times</span>
                  </a> <!-- navigator-link  -->
                </li>
                <li>
                  <a href="#" panel-name="reporter-SauceDemo_Test_Suite" class="navigator-link ">
                    <span>Reporter output</span>
                  </a> <!-- navigator-link  -->
                </li>
                <li>
                  <a href="#" panel-name="ignored-methods-SauceDemo_Test_Suite" class="navigator-link ">
                    <span>Ignored methods</span>
                  </a> <!-- navigator-link  -->
                </li>
                <li>
                  <a href="#" panel-name="chronological-SauceDemo_Test_Suite" class="navigator-link ">
                    <span>Chronological view</span>
                  </a> <!-- navigator-link  -->
                </li>
              </ul>
            </div> <!-- suite-section-content -->
            <div class="result-section">
              <div class="suite-section-title">
                <span>Results</span>
              </div> <!-- suite-section-title -->
              <div class="suite-section-content">
                <ul>
                  <li>
                    <span class="method-stats">18 methods, 4 failed,  10 skipped,  4 passed</span>
                  </li>
                  <li>
                    <span class="method-list-title failed">Failed methods</span>
                    <span class="show-or-hide-methods failed">
                      <a href="#" panel-name="suite-SauceDemo_Test_Suite" class="hide-methods failed suite-SauceDemo_Test_Suite"> (hide)</a> <!-- hide-methods failed suite-SauceDemo_Test_Suite -->
                      <a href="#" panel-name="suite-SauceDemo_Test_Suite" class="show-methods failed suite-SauceDemo_Test_Suite"> (show)</a> <!-- show-methods failed suite-SauceDemo_Test_Suite -->
                    </span>
                    <div class="method-list-content failed suite-SauceDemo_Test_Suite">
                      <span>
                        <img src="failed.png" width="3%"/>
                        <a href="#" panel-name="suite-SauceDemo_Test_Suite" title="com.pkg.functionality.AddtoCart" class="method navigator-link" hash-for-method="addCartFunctionality">addCartFunctionality</a> <!-- method navigator-link -->
                      </span>
                      <br/>
                      <span>
                        <img src="failed.png" width="3%"/>
                        <a href="#" panel-name="suite-SauceDemo_Test_Suite" title="com.pkg.functionality.AddtoCart" class="method navigator-link" hash-for-method="addCartFunctionality">addCartFunctionality</a> <!-- method navigator-link -->
                      </span>
                      <br/>
                      <span>
                        <img src="failed.png" width="3%"/>
                        <a href="#" panel-name="suite-SauceDemo_Test_Suite" title="com.pkg.functionality.Checkout" class="method navigator-link" hash-for-method="doCheckout(Shivkumar, Konnuri, 400708)">doCheckout(Shivkumar, Konnuri, 400708)</a> <!-- method navigator-link -->
                      </span>
                      <br/>
                      <span>
                        <img src="failed.png" width="3%"/>
                        <a href="#" panel-name="suite-SauceDemo_Test_Suite" title="com.pkg.functionality.Checkout" class="method navigator-link" hash-for-method="doCheckout(Shivkumar, Konnuri, 400708)">doCheckout(Shivkumar, Konnuri, 400708)</a> <!-- method navigator-link -->
                      </span>
                      <br/>
                    </div> <!-- method-list-content failed suite-SauceDemo_Test_Suite -->
                  </li>
                  <li>
                    <span class="method-list-title skipped">Skipped methods</span>
                    <span class="show-or-hide-methods skipped">
                      <a href="#" panel-name="suite-SauceDemo_Test_Suite" class="hide-methods skipped suite-SauceDemo_Test_Suite"> (hide)</a> <!-- hide-methods skipped suite-SauceDemo_Test_Suite -->
                      <a href="#" panel-name="suite-SauceDemo_Test_Suite" class="show-methods skipped suite-SauceDemo_Test_Suite"> (show)</a> <!-- show-methods skipped suite-SauceDemo_Test_Suite -->
                    </span>
                    <div class="method-list-content skipped suite-SauceDemo_Test_Suite">
                      <span>
                        <img src="skipped.png" width="3%"/>
                        <a href="#" panel-name="suite-SauceDemo_Test_Suite" title="com.pkg.functionality.AddtoCart" class="method navigator-link" hash-for-method="addCartFunctionality">addCartFunctionality</a> <!-- method navigator-link -->
                      </span>
                      <br/>
                      <span>
                        <img src="skipped.png" width="3%"/>
                        <a href="#" panel-name="suite-SauceDemo_Test_Suite" title="com.pkg.functionality.AddtoCart" class="method navigator-link" hash-for-method="continueShopping">continueShopping</a> <!-- method navigator-link -->
                      </span>
                      <br/>
                      <span>
                        <img src="skipped.png" width="3%"/>
                        <a href="#" panel-name="suite-SauceDemo_Test_Suite" title="com.pkg.functionality.AddtoCart" class="method navigator-link" hash-for-method="continueShopping">continueShopping</a> <!-- method navigator-link -->
                      </span>
                      <br/>
                      <span>
                        <img src="skipped.png" width="3%"/>
                        <a href="#" panel-name="suite-SauceDemo_Test_Suite" title="com.pkg.functionality.AddtoCart" class="method navigator-link" hash-for-method="continueShopping">continueShopping</a> <!-- method navigator-link -->
                      </span>
                      <br/>
                      <span>
                        <img src="skipped.png" width="3%"/>
                        <a href="#" panel-name="suite-SauceDemo_Test_Suite" title="com.pkg.functionality.Checkout" class="method navigator-link" hash-for-method="doCheckout(Shivkumar, Konnuri, 400708)">doCheckout(Shivkumar, Konnuri, 400708)</a> <!-- method navigator-link -->
                      </span>
                      <br/>
                      <span>
                        <img src="skipped.png" width="3%"/>
                        <a href="#" panel-name="suite-SauceDemo_Test_Suite" title="com.pkg.functionality.TestLogin" class="method navigator-link" hash-for-method="doLogin(standard_user, secret_sauce)">doLogin(standard_user, secret_sauce)</a> <!-- method navigator-link -->
                      </span>
                      <br/>
                      <span>
                        <img src="skipped.png" width="3%"/>
                        <a href="#" panel-name="suite-SauceDemo_Test_Suite" title="com.pkg.functionality.TestLogin" class="method navigator-link" hash-for-method="doLogout">doLogout</a> <!-- method navigator-link -->
                      </span>
                      <br/>
                      <span>
                        <img src="skipped.png" width="3%"/>
                        <a href="#" panel-name="suite-SauceDemo_Test_Suite" title="com.pkg.functionality.Checkout" class="method navigator-link" hash-for-method="finishOrCancelCheckout">finishOrCancelCheckout</a> <!-- method navigator-link -->
                      </span>
                      <br/>
                      <span>
                        <img src="skipped.png" width="3%"/>
                        <a href="#" panel-name="suite-SauceDemo_Test_Suite" title="com.pkg.functionality.Checkout" class="method navigator-link" hash-for-method="finishOrCancelCheckout">finishOrCancelCheckout</a> <!-- method navigator-link -->
                      </span>
                      <br/>
                      <span>
                        <img src="skipped.png" width="3%"/>
                        <a href="#" panel-name="suite-SauceDemo_Test_Suite" title="com.pkg.functionality.Checkout" class="method navigator-link" hash-for-method="finishOrCancelCheckout">finishOrCancelCheckout</a> <!-- method navigator-link -->
                      </span>
                      <br/>
                    </div> <!-- method-list-content skipped suite-SauceDemo_Test_Suite -->
                  </li>
                  <li>
                    <span class="method-list-title passed">Passed methods</span>
                    <span class="show-or-hide-methods passed">
                      <a href="#" panel-name="suite-SauceDemo_Test_Suite" class="hide-methods passed suite-SauceDemo_Test_Suite"> (hide)</a> <!-- hide-methods passed suite-SauceDemo_Test_Suite -->
                      <a href="#" panel-name="suite-SauceDemo_Test_Suite" class="show-methods passed suite-SauceDemo_Test_Suite"> (show)</a> <!-- show-methods passed suite-SauceDemo_Test_Suite -->
                    </span>
                    <div class="method-list-content passed suite-SauceDemo_Test_Suite">
                      <span>
                        <img src="passed.png" width="3%"/>
                        <a href="#" panel-name="suite-SauceDemo_Test_Suite" title="com.pkg.functionality.TestLogin" class="method navigator-link" hash-for-method="doLogin(standard_user, secret_sauce)">doLogin(standard_user, secret_sauce)</a> <!-- method navigator-link -->
                      </span>
                      <br/>
                      <span>
                        <img src="passed.png" width="3%"/>
                        <a href="#" panel-name="suite-SauceDemo_Test_Suite" title="com.pkg.functionality.TestLogin" class="method navigator-link" hash-for-method="doLogin(standard_user, secret_sauce)">doLogin(standard_user, secret_sauce)</a> <!-- method navigator-link -->
                      </span>
                      <br/>
                      <span>
                        <img src="passed.png" width="3%"/>
                        <a href="#" panel-name="suite-SauceDemo_Test_Suite" title="com.pkg.functionality.TestLogin" class="method navigator-link" hash-for-method="doLogout">doLogout</a> <!-- method navigator-link -->
                      </span>
                      <br/>
                      <span>
                        <img src="passed.png" width="3%"/>
                        <a href="#" panel-name="suite-SauceDemo_Test_Suite" title="com.pkg.functionality.TestLogin" class="method navigator-link" hash-for-method="doLogout">doLogout</a> <!-- method navigator-link -->
                      </span>
                      <br/>
                    </div> <!-- method-list-content passed suite-SauceDemo_Test_Suite -->
                  </li>
                </ul>
              </div> <!-- suite-section-content -->
            </div> <!-- result-section -->
          </div> <!-- navigator-suite-content -->
        </div> <!-- rounded-window -->
      </div> <!-- suite -->
    </div> <!-- navigator-root -->
    <div class="wrapper">
      <div class="main-panel-root">
        <div panel-name="suite-SauceDemo_Test_Suite" class="panel SauceDemo_Test_Suite">
          <div class="suite-SauceDemo_Test_Suite-class-failed">
            <div class="main-panel-header rounded-window-top">
              <img src="failed.png"/>
              <span class="class-name">com.pkg.functionality.Checkout</span>
            </div> <!-- main-panel-header rounded-window-top -->
            <div class="main-panel-content rounded-window-bottom">
              <div class="method">
                <div class="method-content">
                  <a name="doCheckout(Shivkumar, Konnuri, 400708)">
                  </a> <!-- doCheckout(Shivkumar, Konnuri, 400708) -->
                  <span class="method-name">doCheckout</span>
                  <span class="parameters">(Shivkumar,Konnuri,400708)</span>
                  <div class="stack-trace">org.openqa.selenium.TimeoutException: Expected condition failed: waiting for visibility of element located by By.xpath: //a[@data-test=&quot;shopping-cart-link&quot;] (tried for 30 second(s) with 500 milliseconds interval)
Build info: version: &apos;4.23.0&apos;, revision: &apos;4df0a231af&apos;
System info: os.name: &apos;Windows 10&apos;, os.arch: &apos;amd64&apos;, os.version: &apos;10.0&apos;, java.version: &apos;17.0.12&apos;
Driver info: org.openqa.selenium.remote.RemoteWebDriver
Capabilities {acceptInsecureCerts: false, browserName: chrome, browserVersion: 129.0.6668.101, chrome: {chromedriverVersion: 129.0.6668.100 (cf58cba358d..., userDataDir: C:\Users\SHIVKU~1.K\AppData...}, fedcm:accounts: true, goog:chromeOptions: {debuggerAddress: localhost:52949}, networkConnectionEnabled: false, pageLoadStrategy: normal, platformName: Windows 10, proxy: Proxy(), se:bidiEnabled: false, se:cdp: ws://192.168.1.100:4444/ses..., se:cdpVersion: 129.0.6668.101, setWindowRect: true, strictFileInteractability: false, timeouts: {implicit: 0, pageLoad: 300000, script: 30000}, unhandledPromptBehavior: dismiss and notify, webauthn:extension:credBlob: true, webauthn:extension:largeBlob: true, webauthn:extension:minPinLength: true, webauthn:extension:prf: true, webauthn:virtualAuthenticators: true}
Session ID: c733aa40963c95ff52d131c193259b6c
	at org.openqa.selenium.support.ui.WebDriverWait.timeoutException(WebDriverWait.java:84)
	at org.openqa.selenium.support.ui.FluentWait.until(FluentWait.java:228)
	at com.pkg.functionality.Checkout.doCheckout(Checkout.java:33)
	at java.base/java.util.ArrayList.forEach(ArrayList.java:1511)
	at java.base/java.util.concurrent.FutureTask.run(FutureTask.java:264)
	at java.base/java.util.concurrent.ThreadPoolExecutor.runWorker(ThreadPoolExecutor.java:1136)
	at java.base/java.util.concurrent.ThreadPoolExecutor$Worker.run(ThreadPoolExecutor.java:635)
	at java.base/java.lang.Thread.run(Thread.java:842)
... Removed 17 stack frames
</div> <!-- stack-trace -->
                </div> <!-- method-content -->
              </div> <!-- method -->
              <div class="method">
                <div class="method-content">
                  <a name="doCheckout(Shivkumar, Konnuri, 400708)">
                  </a> <!-- doCheckout(Shivkumar, Konnuri, 400708) -->
                  <span class="method-name">doCheckout</span>
                  <span class="parameters">(Shivkumar,Konnuri,400708)</span>
                  <div class="stack-trace">org.openqa.selenium.TimeoutException: Expected condition failed: waiting for visibility of element located by By.xpath: //a[@data-test=&quot;shopping-cart-link&quot;] (tried for 30 second(s) with 500 milliseconds interval)
Build info: version: &apos;4.23.0&apos;, revision: &apos;4df0a231af&apos;
System info: os.name: &apos;Windows 10&apos;, os.arch: &apos;amd64&apos;, os.version: &apos;10.0&apos;, java.version: &apos;17.0.12&apos;
Driver info: org.openqa.selenium.remote.RemoteWebDriver
Capabilities {acceptInsecureCerts: false, browserName: firefox, browserVersion: 131.0.3, moz:accessibilityChecks: false, moz:buildID: 20241011205646, moz:firefoxOptions: {args: [--start-maximized], binary: C:\Users\Shivkumar.K\.cache...}, moz:geckodriverVersion: 0.35.0, moz:headless: false, moz:platformVersion: 10.0, moz:processID: 6864, moz:profile: C:\Users\SHIVKU~1.K\AppData..., moz:shutdownTimeout: 60000, moz:webdriverClick: true, moz:windowless: false, pageLoadStrategy: normal, platformName: Windows 10, proxy: Proxy(), se:bidiEnabled: false, se:cdp: ws://192.168.1.100:4444/ses..., setWindowRect: true, strictFileInteractability: false, timeouts: {implicit: 0, pageLoad: 300000, script: 30000}, unhandledPromptBehavior: dismiss and notify, userAgent: Mozilla/5.0 (Windows NT 10....}
Session ID: 5796b78e-0b46-4997-a3bf-26a29650cdfd
	at org.openqa.selenium.support.ui.WebDriverWait.timeoutException(WebDriverWait.java:84)
	at org.openqa.selenium.support.ui.FluentWait.until(FluentWait.java:228)
	at com.pkg.functionality.Checkout.doCheckout(Checkout.java:33)
	at java.base/java.util.ArrayList.forEach(ArrayList.java:1511)
	at java.base/java.util.concurrent.FutureTask.run(FutureTask.java:264)
	at java.base/java.util.concurrent.ThreadPoolExecutor.runWorker(ThreadPoolExecutor.java:1136)
	at java.base/java.util.concurrent.ThreadPoolExecutor$Worker.run(ThreadPoolExecutor.java:635)
	at java.base/java.lang.Thread.run(Thread.java:842)
... Removed 17 stack frames
</div> <!-- stack-trace -->
                </div> <!-- method-content -->
              </div> <!-- method -->
            </div> <!-- main-panel-content rounded-window-bottom -->
          </div> <!-- suite-SauceDemo_Test_Suite-class-failed -->
          <div class="suite-SauceDemo_Test_Suite-class-failed">
            <div class="main-panel-header rounded-window-top">
              <img src="failed.png"/>
              <span class="class-name">com.pkg.functionality.AddtoCart</span>
            </div> <!-- main-panel-header rounded-window-top -->
            <div class="main-panel-content rounded-window-bottom">
              <div class="method">
                <div class="method-content">
                  <a name="addCartFunctionality">
                  </a> <!-- addCartFunctionality -->
                  <span class="method-name">addCartFunctionality</span>
                  <div class="stack-trace">org.openqa.selenium.TimeoutException: Expected condition failed: waiting for visibility of element located by By.xpath: //button[@data-test=&quot;add-to-cart-sauce-labs-backpack&quot;] (tried for 30 second(s) with 500 milliseconds interval)
Build info: version: &apos;4.23.0&apos;, revision: &apos;4df0a231af&apos;
System info: os.name: &apos;Windows 10&apos;, os.arch: &apos;amd64&apos;, os.version: &apos;10.0&apos;, java.version: &apos;17.0.12&apos;
Driver info: org.openqa.selenium.remote.RemoteWebDriver
Capabilities {acceptInsecureCerts: false, browserName: chrome, browserVersion: 129.0.6668.101, chrome: {chromedriverVersion: 129.0.6668.100 (cf58cba358d..., userDataDir: C:\Users\SHIVKU~1.K\AppData...}, fedcm:accounts: true, goog:chromeOptions: {debuggerAddress: localhost:52830}, networkConnectionEnabled: false, pageLoadStrategy: normal, platformName: Windows 10, proxy: Proxy(), se:bidiEnabled: false, se:cdp: ws://192.168.1.100:4444/ses..., se:cdpVersion: 129.0.6668.101, setWindowRect: true, strictFileInteractability: false, timeouts: {implicit: 0, pageLoad: 300000, script: 30000}, unhandledPromptBehavior: dismiss and notify, webauthn:extension:credBlob: true, webauthn:extension:largeBlob: true, webauthn:extension:minPinLength: true, webauthn:extension:prf: true, webauthn:virtualAuthenticators: true}
Session ID: c793bd48f7427c4baecbc9dbaf525546
	at org.openqa.selenium.support.ui.WebDriverWait.timeoutException(WebDriverWait.java:84)
	at org.openqa.selenium.support.ui.FluentWait.until(FluentWait.java:228)
	at com.pkg.functionality.AddtoCart.addCartFunctionality(AddtoCart.java:31)
	at java.base/java.util.ArrayList.forEach(ArrayList.java:1511)
	at java.base/java.util.concurrent.FutureTask.run(FutureTask.java:264)
	at java.base/java.util.concurrent.ThreadPoolExecutor.runWorker(ThreadPoolExecutor.java:1136)
	at java.base/java.util.concurrent.ThreadPoolExecutor$Worker.run(ThreadPoolExecutor.java:635)
	at java.base/java.lang.Thread.run(Thread.java:842)
... Removed 17 stack frames
</div> <!-- stack-trace -->
                </div> <!-- method-content -->
              </div> <!-- method -->
              <div class="method">
                <div class="method-content">
                  <a name="addCartFunctionality">
                  </a> <!-- addCartFunctionality -->
                  <span class="method-name">addCartFunctionality</span>
                  <div class="stack-trace">org.openqa.selenium.TimeoutException: Expected condition failed: waiting for visibility of element located by By.xpath: //button[@data-test=&quot;add-to-cart-sauce-labs-backpack&quot;] (tried for 30 second(s) with 500 milliseconds interval)
Build info: version: &apos;4.23.0&apos;, revision: &apos;4df0a231af&apos;
System info: os.name: &apos;Windows 10&apos;, os.arch: &apos;amd64&apos;, os.version: &apos;10.0&apos;, java.version: &apos;17.0.12&apos;
Driver info: org.openqa.selenium.remote.RemoteWebDriver
Capabilities {acceptInsecureCerts: false, browserName: firefox, browserVersion: 131.0.3, moz:accessibilityChecks: false, moz:buildID: 20241011205646, moz:firefoxOptions: {args: [--start-maximized], binary: C:\Users\Shivkumar.K\.cache...}, moz:geckodriverVersion: 0.35.0, moz:headless: false, moz:platformVersion: 10.0, moz:processID: 30656, moz:profile: C:\Users\SHIVKU~1.K\AppData..., moz:shutdownTimeout: 60000, moz:webdriverClick: true, moz:windowless: false, pageLoadStrategy: normal, platformName: Windows 10, proxy: Proxy(), se:bidiEnabled: false, se:cdp: ws://192.168.1.100:4444/ses..., setWindowRect: true, strictFileInteractability: false, timeouts: {implicit: 0, pageLoad: 300000, script: 30000}, unhandledPromptBehavior: dismiss and notify, userAgent: Mozilla/5.0 (Windows NT 10....}
Session ID: 749dfb2e-320f-4e7e-93ba-1b18bd37d413
	at org.openqa.selenium.support.ui.WebDriverWait.timeoutException(WebDriverWait.java:84)
	at org.openqa.selenium.support.ui.FluentWait.until(FluentWait.java:228)
	at com.pkg.functionality.AddtoCart.addCartFunctionality(AddtoCart.java:31)
	at java.base/java.util.ArrayList.forEach(ArrayList.java:1511)
	at java.base/java.util.concurrent.FutureTask.run(FutureTask.java:264)
	at java.base/java.util.concurrent.ThreadPoolExecutor.runWorker(ThreadPoolExecutor.java:1136)
	at java.base/java.util.concurrent.ThreadPoolExecutor$Worker.run(ThreadPoolExecutor.java:635)
	at java.base/java.lang.Thread.run(Thread.java:842)
... Removed 17 stack frames
</div> <!-- stack-trace -->
                </div> <!-- method-content -->
              </div> <!-- method -->
            </div> <!-- main-panel-content rounded-window-bottom -->
          </div> <!-- suite-SauceDemo_Test_Suite-class-failed -->
          <div class="suite-SauceDemo_Test_Suite-class-skipped">
            <div class="main-panel-header rounded-window-top">
              <img src="skipped.png"/>
              <span class="class-name">com.pkg.functionality.Checkout</span>
            </div> <!-- main-panel-header rounded-window-top -->
            <div class="main-panel-content rounded-window-bottom">
              <div class="method">
                <div class="method-content">
                  <a name="doCheckout(Shivkumar, Konnuri, 400708)">
                  </a> <!-- doCheckout(Shivkumar, Konnuri, 400708) -->
                  <span class="method-name">doCheckout</span>
                  <span class="parameters">(Shivkumar,Konnuri,400708)</span>
                  <div class="stack-trace">java.lang.IllegalArgumentException: Driver must be set
	at org.openqa.selenium.internal.Require.nonNull(Require.java:61)
	at org.openqa.selenium.interactions.Actions.&lt;init&gt;(Actions.java:64)
	at org.openqa.selenium.interactions.Actions.&lt;init&gt;(Actions.java:60)
	at com.pkg.functionality.Checkout.setUp(Checkout.java:25)
	at java.base/java.util.ArrayList.forEach(ArrayList.java:1511)
	at java.base/java.util.concurrent.FutureTask.run(FutureTask.java:264)
	at java.base/java.util.concurrent.ThreadPoolExecutor.runWorker(ThreadPoolExecutor.java:1136)
	at java.base/java.util.concurrent.ThreadPoolExecutor$Worker.run(ThreadPoolExecutor.java:635)
	at java.base/java.lang.Thread.run(Thread.java:842)
... Removed 15 stack frames
</div> <!-- stack-trace -->
                </div> <!-- method-content -->
              </div> <!-- method -->
              <div class="method">
                <div class="method-content">
                  <a name="finishOrCancelCheckout">
                  </a> <!-- finishOrCancelCheckout -->
                  <span class="method-name">finishOrCancelCheckout</span>
                  <div class="stack-trace">java.lang.Throwable: Method com.pkg.functionality.Checkout.finishOrCancelCheckout() on instance com.pkg.functionality.Checkout@29a5f4e7 depends on not successfully finished methods 
[com.pkg.functionality.Checkout.doCheckout() on instance com.pkg.functionality.Checkout@29a5f4e7]
	at java.base/java.util.ArrayList.forEach(ArrayList.java:1511)
	at java.base/java.util.concurrent.FutureTask.run(FutureTask.java:264)
	at java.base/java.util.concurrent.ThreadPoolExecutor.runWorker(ThreadPoolExecutor.java:1136)
	at java.base/java.util.concurrent.ThreadPoolExecutor$Worker.run(ThreadPoolExecutor.java:635)
	at java.base/java.lang.Thread.run(Thread.java:842)
... Removed 8 stack frames
</div> <!-- stack-trace -->
                </div> <!-- method-content -->
              </div> <!-- method -->
              <div class="method">
                <div class="method-content">
                  <a name="finishOrCancelCheckout">
                  </a> <!-- finishOrCancelCheckout -->
                  <span class="method-name">finishOrCancelCheckout</span>
                  <div class="stack-trace">java.lang.Throwable: Method com.pkg.functionality.Checkout.finishOrCancelCheckout() on instance com.pkg.functionality.Checkout@2609b277 depends on not successfully finished methods 
[com.pkg.functionality.Checkout.doCheckout() on instance com.pkg.functionality.Checkout@2609b277]
	at java.base/java.util.ArrayList.forEach(ArrayList.java:1511)
	at java.base/java.util.concurrent.FutureTask.run(FutureTask.java:264)
	at java.base/java.util.concurrent.ThreadPoolExecutor.runWorker(ThreadPoolExecutor.java:1136)
	at java.base/java.util.concurrent.ThreadPoolExecutor$Worker.run(ThreadPoolExecutor.java:635)
	at java.base/java.lang.Thread.run(Thread.java:842)
... Removed 8 stack frames
</div> <!-- stack-trace -->
                </div> <!-- method-content -->
              </div> <!-- method -->
              <div class="method">
                <div class="method-content">
                  <a name="finishOrCancelCheckout">
                  </a> <!-- finishOrCancelCheckout -->
                  <span class="method-name">finishOrCancelCheckout</span>
                  <div class="stack-trace">java.lang.Throwable: Method com.pkg.functionality.Checkout.finishOrCancelCheckout() on instance com.pkg.functionality.Checkout@2b175c00 depends on not successfully finished methods 
[com.pkg.functionality.Checkout.doCheckout() on instance com.pkg.functionality.Checkout@2b175c00]
	at java.base/java.util.ArrayList.forEach(ArrayList.java:1511)
	at java.base/java.util.concurrent.FutureTask.run(FutureTask.java:264)
	at java.base/java.util.concurrent.ThreadPoolExecutor.runWorker(ThreadPoolExecutor.java:1136)
	at java.base/java.util.concurrent.ThreadPoolExecutor$Worker.run(ThreadPoolExecutor.java:635)
	at java.base/java.lang.Thread.run(Thread.java:842)
... Removed 8 stack frames
</div> <!-- stack-trace -->
                </div> <!-- method-content -->
              </div> <!-- method -->
            </div> <!-- main-panel-content rounded-window-bottom -->
          </div> <!-- suite-SauceDemo_Test_Suite-class-skipped -->
          <div class="suite-SauceDemo_Test_Suite-class-skipped">
            <div class="main-panel-header rounded-window-top">
              <img src="skipped.png"/>
              <span class="class-name">com.pkg.functionality.AddtoCart</span>
            </div> <!-- main-panel-header rounded-window-top -->
            <div class="main-panel-content rounded-window-bottom">
              <div class="method">
                <div class="method-content">
                  <a name="addCartFunctionality">
                  </a> <!-- addCartFunctionality -->
                  <span class="method-name">addCartFunctionality</span>
                  <div class="stack-trace">org.openqa.selenium.SessionNotCreatedException: Could not start a new session. Possible causes are invalid address of the remote server or browser start-up failure. 
Host info: host: &apos;SAK-LAPPDC262&apos;, ip: &apos;192.168.1.100&apos;
	at org.openqa.selenium.remote.RemoteWebDriver.execute(RemoteWebDriver.java:545)
	at org.openqa.selenium.remote.RemoteWebDriver.startSession(RemoteWebDriver.java:234)
	at org.openqa.selenium.remote.RemoteWebDriver.&lt;init&gt;(RemoteWebDriver.java:163)
	at org.openqa.selenium.remote.RemoteWebDriver.&lt;init&gt;(RemoteWebDriver.java:143)
	at com.pkg.common.BaseDriver.setUp(BaseDriver.java:41)
	at java.base/java.util.ArrayList.forEach(ArrayList.java:1511)
	at java.base/java.util.concurrent.FutureTask.run(FutureTask.java:264)
	at java.base/java.util.concurrent.ThreadPoolExecutor.runWorker(ThreadPoolExecutor.java:1136)
	at java.base/java.util.concurrent.ThreadPoolExecutor$Worker.run(ThreadPoolExecutor.java:635)
	at java.base/java.lang.Thread.run(Thread.java:842)
Caused by: org.openqa.selenium.TimeoutException: java.util.concurrent.TimeoutException
Build info: version: &apos;4.23.0&apos;, revision: &apos;4df0a231af&apos;
System info: os.name: &apos;Windows 10&apos;, os.arch: &apos;amd64&apos;, os.version: &apos;10.0&apos;, java.version: &apos;17.0.12&apos;
Driver info: driver.version: BaseDriver
	at org.openqa.selenium.remote.http.jdk.JdkHttpClient.execute0(JdkHttpClient.java:399)
	at org.openqa.selenium.remote.http.AddSeleniumUserAgent.lambda$apply$0(AddSeleniumUserAgent.java:42)
	at org.openqa.selenium.remote.http.Filter.lambda$andFinally$1(Filter.java:55)
	at org.openqa.selenium.remote.http.jdk.JdkHttpClient.execute(JdkHttpClient.java:355)
	at org.openqa.selenium.remote.tracing.TracedHttpClient.execute(TracedHttpClient.java:54)
	at org.openqa.selenium.remote.ProtocolHandshake.createSession(ProtocolHandshake.java:89)
	at org.openqa.selenium.remote.ProtocolHandshake.createSession(ProtocolHandshake.java:75)
	at org.openqa.selenium.remote.ProtocolHandshake.createSession(ProtocolHandshake.java:61)
	at org.openqa.selenium.remote.HttpCommandExecutor.execute(HttpCommandExecutor.java:162)
	at org.openqa.selenium.remote.TracedCommandExecutor.execute(TracedCommandExecutor.java:53)
	at org.openqa.selenium.remote.RemoteWebDriver.execute(RemoteWebDriver.java:527)
	... 24 more
Caused by: java.util.concurrent.TimeoutException
	at java.base/java.util.concurrent.CompletableFuture.timedGet(CompletableFuture.java:1960)
	at java.base/java.util.concurrent.CompletableFuture.get(CompletableFuture.java:2095)
	at org.openqa.selenium.remote.http.jdk.JdkHttpClient.execute0(JdkHttpClient.java:382)
	... 34 more
... Removed 15 stack frames
</div> <!-- stack-trace -->
                </div> <!-- method-content -->
              </div> <!-- method -->
              <div class="method">
                <div class="method-content">
                  <a name="continueShopping">
                  </a> <!-- continueShopping -->
                  <span class="method-name">continueShopping</span>
                  <div class="stack-trace">java.lang.Throwable: Method com.pkg.functionality.AddtoCart.continueShopping() on instance com.pkg.functionality.AddtoCart@52e7a6b2 depends on not successfully finished methods 
[com.pkg.functionality.AddtoCart.addCartFunctionality() on instance com.pkg.functionality.AddtoCart@52e7a6b2]
	at java.base/java.util.ArrayList.forEach(ArrayList.java:1511)
	at java.base/java.util.concurrent.FutureTask.run(FutureTask.java:264)
	at java.base/java.util.concurrent.ThreadPoolExecutor.runWorker(ThreadPoolExecutor.java:1136)
	at java.base/java.util.concurrent.ThreadPoolExecutor$Worker.run(ThreadPoolExecutor.java:635)
	at java.base/java.lang.Thread.run(Thread.java:842)
... Removed 8 stack frames
</div> <!-- stack-trace -->
                </div> <!-- method-content -->
              </div> <!-- method -->
              <div class="method">
                <div class="method-content">
                  <a name="continueShopping">
                  </a> <!-- continueShopping -->
                  <span class="method-name">continueShopping</span>
                  <div class="stack-trace">java.lang.Throwable: Method com.pkg.functionality.AddtoCart.continueShopping() on instance com.pkg.functionality.AddtoCart@b83a9be depends on not successfully finished methods 
[com.pkg.functionality.AddtoCart.addCartFunctionality() on instance com.pkg.functionality.AddtoCart@b83a9be]
	at java.base/java.util.ArrayList.forEach(ArrayList.java:1511)
	at java.base/java.util.concurrent.FutureTask.run(FutureTask.java:264)
	at java.base/java.util.concurrent.ThreadPoolExecutor.runWorker(ThreadPoolExecutor.java:1136)
	at java.base/java.util.concurrent.ThreadPoolExecutor$Worker.run(ThreadPoolExecutor.java:635)
	at java.base/java.lang.Thread.run(Thread.java:842)
... Removed 8 stack frames
</div> <!-- stack-trace -->
                </div> <!-- method-content -->
              </div> <!-- method -->
              <div class="method">
                <div class="method-content">
                  <a name="continueShopping">
                  </a> <!-- continueShopping -->
                  <span class="method-name">continueShopping</span>
                  <div class="stack-trace">java.lang.Throwable: Method com.pkg.functionality.AddtoCart.continueShopping() on instance com.pkg.functionality.AddtoCart@4066c471 depends on not successfully finished methods 
[com.pkg.functionality.AddtoCart.addCartFunctionality() on instance com.pkg.functionality.AddtoCart@4066c471]
	at java.base/java.util.ArrayList.forEach(ArrayList.java:1511)
	at java.base/java.util.concurrent.FutureTask.run(FutureTask.java:264)
	at java.base/java.util.concurrent.ThreadPoolExecutor.runWorker(ThreadPoolExecutor.java:1136)
	at java.base/java.util.concurrent.ThreadPoolExecutor$Worker.run(ThreadPoolExecutor.java:635)
	at java.base/java.lang.Thread.run(Thread.java:842)
... Removed 8 stack frames
</div> <!-- stack-trace -->
                </div> <!-- method-content -->
              </div> <!-- method -->
            </div> <!-- main-panel-content rounded-window-bottom -->
          </div> <!-- suite-SauceDemo_Test_Suite-class-skipped -->
          <div class="suite-SauceDemo_Test_Suite-class-skipped">
            <div class="main-panel-header rounded-window-top">
              <img src="skipped.png"/>
              <span class="class-name">com.pkg.functionality.TestLogin</span>
            </div> <!-- main-panel-header rounded-window-top -->
            <div class="main-panel-content rounded-window-bottom">
              <div class="method">
                <div class="method-content">
                  <a name="doLogin(standard_user, secret_sauce)">
                  </a> <!-- doLogin(standard_user, secret_sauce) -->
                  <span class="method-name">doLogin</span>
                  <span class="parameters">(standard_user,secret_sauce)</span>
                  <div class="stack-trace">org.openqa.selenium.SessionNotCreatedException: Could not start a new session. Possible causes are invalid address of the remote server or browser start-up failure. 
Host info: host: &apos;SAK-LAPPDC262&apos;, ip: &apos;192.168.1.100&apos;
	at org.openqa.selenium.remote.RemoteWebDriver.execute(RemoteWebDriver.java:545)
	at org.openqa.selenium.remote.RemoteWebDriver.startSession(RemoteWebDriver.java:234)
	at org.openqa.selenium.remote.RemoteWebDriver.&lt;init&gt;(RemoteWebDriver.java:163)
	at org.openqa.selenium.remote.RemoteWebDriver.&lt;init&gt;(RemoteWebDriver.java:143)
	at com.pkg.common.BaseDriver.setUp(BaseDriver.java:41)
	at java.base/java.util.ArrayList.forEach(ArrayList.java:1511)
	at java.base/java.util.concurrent.FutureTask.run(FutureTask.java:264)
	at java.base/java.util.concurrent.ThreadPoolExecutor.runWorker(ThreadPoolExecutor.java:1136)
	at java.base/java.util.concurrent.ThreadPoolExecutor$Worker.run(ThreadPoolExecutor.java:635)
	at java.base/java.lang.Thread.run(Thread.java:842)
Caused by: org.openqa.selenium.TimeoutException: java.util.concurrent.TimeoutException
Build info: version: &apos;4.23.0&apos;, revision: &apos;4df0a231af&apos;
System info: os.name: &apos;Windows 10&apos;, os.arch: &apos;amd64&apos;, os.version: &apos;10.0&apos;, java.version: &apos;17.0.12&apos;
Driver info: driver.version: BaseDriver
	at org.openqa.selenium.remote.http.jdk.JdkHttpClient.execute0(JdkHttpClient.java:399)
	at org.openqa.selenium.remote.http.AddSeleniumUserAgent.lambda$apply$0(AddSeleniumUserAgent.java:42)
	at org.openqa.selenium.remote.http.Filter.lambda$andFinally$1(Filter.java:55)
	at org.openqa.selenium.remote.http.jdk.JdkHttpClient.execute(JdkHttpClient.java:355)
	at org.openqa.selenium.remote.tracing.TracedHttpClient.execute(TracedHttpClient.java:54)
	at org.openqa.selenium.remote.ProtocolHandshake.createSession(ProtocolHandshake.java:89)
	at org.openqa.selenium.remote.ProtocolHandshake.createSession(ProtocolHandshake.java:75)
	at org.openqa.selenium.remote.ProtocolHandshake.createSession(ProtocolHandshake.java:61)
	at org.openqa.selenium.remote.HttpCommandExecutor.execute(HttpCommandExecutor.java:162)
	at org.openqa.selenium.remote.TracedCommandExecutor.execute(TracedCommandExecutor.java:53)
	at org.openqa.selenium.remote.RemoteWebDriver.execute(RemoteWebDriver.java:527)
	... 24 more
Caused by: java.util.concurrent.TimeoutException
	at java.base/java.util.concurrent.CompletableFuture.timedGet(CompletableFuture.java:1960)
	at java.base/java.util.concurrent.CompletableFuture.get(CompletableFuture.java:2095)
	at org.openqa.selenium.remote.http.jdk.JdkHttpClient.execute0(JdkHttpClient.java:382)
	... 34 more
... Removed 15 stack frames
</div> <!-- stack-trace -->
                </div> <!-- method-content -->
              </div> <!-- method -->
              <div class="method">
                <div class="method-content">
                  <a name="doLogout">
                  </a> <!-- doLogout -->
                  <span class="method-name">doLogout</span>
                  <div class="stack-trace">java.lang.Throwable: Method com.pkg.functionality.TestLogin.doLogout() on instance com.pkg.functionality.TestLogin@563e4951 depends on not successfully finished methods 
[com.pkg.functionality.TestLogin.doLogin() on instance com.pkg.functionality.TestLogin@563e4951]
	at java.base/java.util.ArrayList.forEach(ArrayList.java:1511)
	at java.base/java.util.concurrent.FutureTask.run(FutureTask.java:264)
	at java.base/java.util.concurrent.ThreadPoolExecutor.runWorker(ThreadPoolExecutor.java:1136)
	at java.base/java.util.concurrent.ThreadPoolExecutor$Worker.run(ThreadPoolExecutor.java:635)
	at java.base/java.lang.Thread.run(Thread.java:842)
... Removed 8 stack frames
</div> <!-- stack-trace -->
                </div> <!-- method-content -->
              </div> <!-- method -->
            </div> <!-- main-panel-content rounded-window-bottom -->
          </div> <!-- suite-SauceDemo_Test_Suite-class-skipped -->
          <div class="suite-SauceDemo_Test_Suite-class-passed">
            <div class="main-panel-header rounded-window-top">
              <img src="passed.png"/>
              <span class="class-name">com.pkg.functionality.TestLogin</span>
            </div> <!-- main-panel-header rounded-window-top -->
            <div class="main-panel-content rounded-window-bottom">
              <div class="method">
                <div class="method-content">
                  <a name="doLogin(standard_user, secret_sauce)">
                  </a> <!-- doLogin(standard_user, secret_sauce) -->
                  <span class="method-name">doLogin</span>
                  <span class="parameters">(standard_user,secret_sauce)</span>
                </div> <!-- method-content -->
              </div> <!-- method -->
              <div class="method">
                <div class="method-content">
                  <a name="doLogin(standard_user, secret_sauce)">
                  </a> <!-- doLogin(standard_user, secret_sauce) -->
                  <span class="method-name">doLogin</span>
                  <span class="parameters">(standard_user,secret_sauce)</span>
                </div> <!-- method-content -->
              </div> <!-- method -->
              <div class="method">
                <div class="method-content">
                  <a name="doLogout">
                  </a> <!-- doLogout -->
                  <span class="method-name">doLogout</span>
                </div> <!-- method-content -->
              </div> <!-- method -->
              <div class="method">
                <div class="method-content">
                  <a name="doLogout">
                  </a> <!-- doLogout -->
                  <span class="method-name">doLogout</span>
                </div> <!-- method-content -->
              </div> <!-- method -->
            </div> <!-- main-panel-content rounded-window-bottom -->
          </div> <!-- suite-SauceDemo_Test_Suite-class-passed -->
        </div> <!-- panel SauceDemo_Test_Suite -->
        <div panel-name="test-xml-SauceDemo_Test_Suite" class="panel">
          <div class="main-panel-header rounded-window-top">
            <span class="header-content">C:\Users\Shivkumar.K\Selenium-Workspace\SauceDemoTest_AllureReport\testng.xml</span>
          </div> <!-- main-panel-header rounded-window-top -->
          <div class="main-panel-content rounded-window-bottom">
            <pre>
&lt;?xml version=&quot;1.0&quot; encoding=&quot;UTF-8&quot;?&gt;
&lt;!DOCTYPE suite SYSTEM &quot;https://testng.org/testng-1.0.dtd&quot;&gt;
&lt;suite thread-count=&quot;3&quot; parallel=&quot;tests&quot; name=&quot;SauceDemo Test Suite&quot; guice-stage=&quot;DEVELOPMENT&quot;&gt;
  &lt;listeners&gt;
    &lt;listener class-name=&quot;com.pkg.listeners.SauceDemoListeners&quot;/&gt;
  &lt;/listeners&gt;
  &lt;test thread-count=&quot;3&quot; parallel=&quot;tests&quot; name=&quot;SauceDemo Chrome Test&quot;&gt;
    &lt;parameter name=&quot;firstName&quot; value=&quot;Shivkumar&quot;/&gt;
    &lt;parameter name=&quot;lastName&quot; value=&quot;Konnuri&quot;/&gt;
    &lt;parameter name=&quot;password&quot; value=&quot;secret_sauce&quot;/&gt;
    &lt;parameter name=&quot;browser&quot; value=&quot;chrome&quot;/&gt;
    &lt;parameter name=&quot;postalCode&quot; value=&quot;400708&quot;/&gt;
    &lt;parameter name=&quot;username&quot; value=&quot;standard_user&quot;/&gt;
    &lt;parameter name=&quot;status&quot; value=&quot;finish&quot;/&gt;
    &lt;classes&gt;
      &lt;class name=&quot;com.pkg.functionality.TestLogin&quot;/&gt;
      &lt;class name=&quot;com.pkg.functionality.AddtoCart&quot;/&gt;
      &lt;class name=&quot;com.pkg.functionality.Checkout&quot;/&gt;
    &lt;/classes&gt;
  &lt;/test&gt; &lt;!-- SauceDemo Chrome Test --&gt;
  &lt;test thread-count=&quot;3&quot; parallel=&quot;tests&quot; name=&quot;SauceDemo Firefox Test&quot;&gt;
    &lt;parameter name=&quot;firstName&quot; value=&quot;Shivkumar&quot;/&gt;
    &lt;parameter name=&quot;lastName&quot; value=&quot;Konnuri&quot;/&gt;
    &lt;parameter name=&quot;password&quot; value=&quot;secret_sauce&quot;/&gt;
    &lt;parameter name=&quot;browser&quot; value=&quot;firefox&quot;/&gt;
    &lt;parameter name=&quot;postalCode&quot; value=&quot;400708&quot;/&gt;
    &lt;parameter name=&quot;username&quot; value=&quot;standard_user&quot;/&gt;
    &lt;parameter name=&quot;status&quot; value=&quot;finish&quot;/&gt;
    &lt;classes&gt;
      &lt;class name=&quot;com.pkg.functionality.TestLogin&quot;/&gt;
      &lt;class name=&quot;com.pkg.functionality.AddtoCart&quot;/&gt;
      &lt;class name=&quot;com.pkg.functionality.Checkout&quot;/&gt;
    &lt;/classes&gt;
  &lt;/test&gt; &lt;!-- SauceDemo Firefox Test --&gt;
  &lt;test thread-count=&quot;3&quot; parallel=&quot;tests&quot; name=&quot;SauceDemo Edge Test&quot;&gt;
    &lt;parameter name=&quot;firstName&quot; value=&quot;Shivkumar&quot;/&gt;
    &lt;parameter name=&quot;lastName&quot; value=&quot;Konnuri&quot;/&gt;
    &lt;parameter name=&quot;password&quot; value=&quot;secret_sauce&quot;/&gt;
    &lt;parameter name=&quot;browser&quot; value=&quot;edge&quot;/&gt;
    &lt;parameter name=&quot;postalCode&quot; value=&quot;400708&quot;/&gt;
    &lt;parameter name=&quot;username&quot; value=&quot;standard_user&quot;/&gt;
    &lt;parameter name=&quot;status&quot; value=&quot;finish&quot;/&gt;
    &lt;classes&gt;
      &lt;class name=&quot;com.pkg.functionality.TestLogin&quot;/&gt;
      &lt;class name=&quot;com.pkg.functionality.AddtoCart&quot;/&gt;
      &lt;class name=&quot;com.pkg.functionality.Checkout&quot;/&gt;
    &lt;/classes&gt;
  &lt;/test&gt; &lt;!-- SauceDemo Edge Test --&gt;
&lt;/suite&gt; &lt;!-- SauceDemo Test Suite --&gt;
            </pre>
          </div> <!-- main-panel-content rounded-window-bottom -->
        </div> <!-- panel -->
        <div panel-name="testlist-SauceDemo_Test_Suite" class="panel">
          <div class="main-panel-header rounded-window-top">
            <span class="header-content">Tests for SauceDemo Test Suite</span>
          </div> <!-- main-panel-header rounded-window-top -->
          <div class="main-panel-content rounded-window-bottom">
            <ul>
              <li>
                <span class="test-name">SauceDemo Chrome Test (3 classes)</span>
              </li>
              <li>
                <span class="test-name">SauceDemo Firefox Test (3 classes)</span>
              </li>
              <li>
                <span class="test-name">SauceDemo Edge Test (3 classes)</span>
              </li>
            </ul>
          </div> <!-- main-panel-content rounded-window-bottom -->
        </div> <!-- panel -->
        <div panel-name="group-SauceDemo_Test_Suite" class="panel">
          <div class="main-panel-header rounded-window-top">
            <span class="header-content">Groups for SauceDemo Test Suite</span>
          </div> <!-- main-panel-header rounded-window-top -->
          <div class="main-panel-content rounded-window-bottom">
          </div> <!-- main-panel-content rounded-window-bottom -->
        </div> <!-- panel -->
        <div panel-name="times-SauceDemo_Test_Suite" class="panel">
          <div class="main-panel-header rounded-window-top">
            <span class="header-content">Times for SauceDemo Test Suite</span>
          </div> <!-- main-panel-header rounded-window-top -->
          <div class="main-panel-content rounded-window-bottom">
            <div class="times-div">
              <script type="text/javascript">
suiteTableInitFunctions.push('tableData_SauceDemo_Test_Suite');
function tableData_SauceDemo_Test_Suite() {
var data = new google.visualization.DataTable();
data.addColumn('number', 'Number');
data.addColumn('string', 'Method');
data.addColumn('string', 'Class');
data.addColumn('number', 'Time (ms)');
data.addRows(18);
data.setCell(0, 0, 0)
data.setCell(0, 1, 'addCartFunctionality')
data.setCell(0, 2, 'com.pkg.functionality.AddtoCart')
data.setCell(0, 3, 30518);
data.setCell(1, 0, 1)
data.setCell(1, 1, 'doCheckout')
data.setCell(1, 2, 'com.pkg.functionality.Checkout')
data.setCell(1, 3, 30503);
data.setCell(2, 0, 2)
data.setCell(2, 1, 'doCheckout')
data.setCell(2, 2, 'com.pkg.functionality.Checkout')
data.setCell(2, 3, 30393);
data.setCell(3, 0, 3)
data.setCell(3, 1, 'addCartFunctionality')
data.setCell(3, 2, 'com.pkg.functionality.AddtoCart')
data.setCell(3, 3, 30011);
data.setCell(4, 0, 4)
data.setCell(4, 1, 'doLogin')
data.setCell(4, 2, 'com.pkg.functionality.TestLogin')
data.setCell(4, 3, 1991);
data.setCell(5, 0, 5)
data.setCell(5, 1, 'doLogin')
data.setCell(5, 2, 'com.pkg.functionality.TestLogin')
data.setCell(5, 3, 1642);
data.setCell(6, 0, 6)
data.setCell(6, 1, 'doLogout')
data.setCell(6, 2, 'com.pkg.functionality.TestLogin')
data.setCell(6, 3, 675);
data.setCell(7, 0, 7)
data.setCell(7, 1, 'doLogout')
data.setCell(7, 2, 'com.pkg.functionality.TestLogin')
data.setCell(7, 3, 583);
data.setCell(8, 0, 8)
data.setCell(8, 1, 'finishOrCancelCheckout')
data.setCell(8, 2, 'com.pkg.functionality.Checkout')
data.setCell(8, 3, 0);
data.setCell(9, 0, 9)
data.setCell(9, 1, 'continueShopping')
data.setCell(9, 2, 'com.pkg.functionality.AddtoCart')
data.setCell(9, 3, 0);
data.setCell(10, 0, 10)
data.setCell(10, 1, 'finishOrCancelCheckout')
data.setCell(10, 2, 'com.pkg.functionality.Checkout')
data.setCell(10, 3, 0);
data.setCell(11, 0, 11)
data.setCell(11, 1, 'continueShopping')
data.setCell(11, 2, 'com.pkg.functionality.AddtoCart')
data.setCell(11, 3, 0);
data.setCell(12, 0, 12)
data.setCell(12, 1, 'doCheckout')
data.setCell(12, 2, 'com.pkg.functionality.Checkout')
data.setCell(12, 3, 0);
data.setCell(13, 0, 13)
data.setCell(13, 1, 'finishOrCancelCheckout')
data.setCell(13, 2, 'com.pkg.functionality.Checkout')
data.setCell(13, 3, 0);
data.setCell(14, 0, 14)
data.setCell(14, 1, 'doLogin')
data.setCell(14, 2, 'com.pkg.functionality.TestLogin')
data.setCell(14, 3, 0);
data.setCell(15, 0, 15)
data.setCell(15, 1, 'doLogout')
data.setCell(15, 2, 'com.pkg.functionality.TestLogin')
data.setCell(15, 3, 0);
data.setCell(16, 0, 16)
data.setCell(16, 1, 'addCartFunctionality')
data.setCell(16, 2, 'com.pkg.functionality.AddtoCart')
data.setCell(16, 3, 0);
data.setCell(17, 0, 17)
data.setCell(17, 1, 'continueShopping')
data.setCell(17, 2, 'com.pkg.functionality.AddtoCart')
data.setCell(17, 3, 0);
window.suiteTableData['SauceDemo_Test_Suite']= { tableData: data, tableDiv: 'times-div-SauceDemo_Test_Suite'}
return data;
}
              </script>
              <span class="suite-total-time">Total running time: 9 minutes</span>
              <div id="times-div-SauceDemo_Test_Suite">
              </div> <!-- times-div-SauceDemo_Test_Suite -->
            </div> <!-- times-div -->
          </div> <!-- main-panel-content rounded-window-bottom -->
        </div> <!-- panel -->
        <div panel-name="reporter-SauceDemo_Test_Suite" class="panel">
          <div class="main-panel-header rounded-window-top">
            <span class="header-content">Reporter output for SauceDemo Test Suite</span>
          </div> <!-- main-panel-header rounded-window-top -->
          <div class="main-panel-content rounded-window-bottom">
            <div class="reporter-method-div">
              <span class="reporter-method-name">doLogin(standard_user, secret_sauce)</span>
              <div class="reporter-method-output-div">
                <span class="reporter-method-output">Test started: doLogin</span>
                <span class="reporter-method-output">Test passed: doLogin with status: 1</span>
              </div> <!-- reporter-method-output-div -->
            </div> <!-- reporter-method-div -->
            <div class="reporter-method-div">
              <span class="reporter-method-name">doLogout</span>
              <div class="reporter-method-output-div">
                <span class="reporter-method-output">Test started: doLogout</span>
                <span class="reporter-method-output">Test passed: doLogout with status: 1</span>
              </div> <!-- reporter-method-output-div -->
            </div> <!-- reporter-method-div -->
            <div class="reporter-method-div">
              <span class="reporter-method-name">addCartFunctionality</span>
              <div class="reporter-method-output-div">
                <span class="reporter-method-output">Test started: addCartFunctionality</span>
              </div> <!-- reporter-method-output-div -->
            </div> <!-- reporter-method-div -->
            <div class="reporter-method-div">
              <span class="reporter-method-name">doCheckout(Shivkumar, Konnuri, 400708)</span>
              <div class="reporter-method-output-div">
                <span class="reporter-method-output">Test started: doCheckout</span>
              </div> <!-- reporter-method-output-div -->
            </div> <!-- reporter-method-div -->
            <div class="reporter-method-div">
              <span class="reporter-method-name">finishOrCancelCheckout</span>
              <div class="reporter-method-output-div">
                <span class="reporter-method-output">Test skipped: finishOrCancelCheckout with status: 3</span>
              </div> <!-- reporter-method-output-div -->
            </div> <!-- reporter-method-div -->
            <div class="reporter-method-div">
              <span class="reporter-method-name">continueShopping</span>
              <div class="reporter-method-output-div">
                <span class="reporter-method-output">Test skipped: continueShopping with status: 3</span>
              </div> <!-- reporter-method-output-div -->
            </div> <!-- reporter-method-div -->
            <div class="reporter-method-div">
              <span class="reporter-method-name">doLogin(standard_user, secret_sauce)</span>
              <div class="reporter-method-output-div">
                <span class="reporter-method-output">Test started: doLogin</span>
                <span class="reporter-method-output">Test passed: doLogin with status: 1</span>
              </div> <!-- reporter-method-output-div -->
            </div> <!-- reporter-method-div -->
            <div class="reporter-method-div">
              <span class="reporter-method-name">doLogout</span>
              <div class="reporter-method-output-div">
                <span class="reporter-method-output">Test started: doLogout</span>
                <span class="reporter-method-output">Test passed: doLogout with status: 1</span>
              </div> <!-- reporter-method-output-div -->
            </div> <!-- reporter-method-div -->
            <div class="reporter-method-div">
              <span class="reporter-method-name">addCartFunctionality</span>
              <div class="reporter-method-output-div">
                <span class="reporter-method-output">Test started: addCartFunctionality</span>
              </div> <!-- reporter-method-output-div -->
            </div> <!-- reporter-method-div -->
            <div class="reporter-method-div">
              <span class="reporter-method-name">doCheckout(Shivkumar, Konnuri, 400708)</span>
              <div class="reporter-method-output-div">
                <span class="reporter-method-output">Test started: doCheckout</span>
              </div> <!-- reporter-method-output-div -->
            </div> <!-- reporter-method-div -->
            <div class="reporter-method-div">
              <span class="reporter-method-name">finishOrCancelCheckout</span>
              <div class="reporter-method-output-div">
                <span class="reporter-method-output">Test skipped: finishOrCancelCheckout with status: 3</span>
              </div> <!-- reporter-method-output-div -->
            </div> <!-- reporter-method-div -->
            <div class="reporter-method-div">
              <span class="reporter-method-name">continueShopping</span>
              <div class="reporter-method-output-div">
                <span class="reporter-method-output">Test skipped: continueShopping with status: 3</span>
              </div> <!-- reporter-method-output-div -->
            </div> <!-- reporter-method-div -->
            <div class="reporter-method-div">
              <span class="reporter-method-name">doCheckout(Shivkumar, Konnuri, 400708)</span>
              <div class="reporter-method-output-div">
                <span class="reporter-method-output">Test skipped: doCheckout with status: 3</span>
                <span class="reporter-method-output">Test started: finishOrCancelCheckout</span>
              </div> <!-- reporter-method-output-div -->
            </div> <!-- reporter-method-div -->
            <div class="reporter-method-div">
              <span class="reporter-method-name">finishOrCancelCheckout</span>
              <div class="reporter-method-output-div">
                <span class="reporter-method-output">Test skipped: finishOrCancelCheckout with status: 3</span>
              </div> <!-- reporter-method-output-div -->
            </div> <!-- reporter-method-div -->
            <div class="reporter-method-div">
              <span class="reporter-method-name">doLogin(standard_user, secret_sauce)</span>
              <div class="reporter-method-output-div">
                <span class="reporter-method-output">Test skipped: doLogin with status: 3</span>
                <span class="reporter-method-output">Test started: doLogout</span>
              </div> <!-- reporter-method-output-div -->
            </div> <!-- reporter-method-div -->
            <div class="reporter-method-div">
              <span class="reporter-method-name">doLogout</span>
              <div class="reporter-method-output-div">
                <span class="reporter-method-output">Test skipped: doLogout with status: 3</span>
              </div> <!-- reporter-method-output-div -->
            </div> <!-- reporter-method-div -->
            <div class="reporter-method-div">
              <span class="reporter-method-name">addCartFunctionality</span>
              <div class="reporter-method-output-div">
                <span class="reporter-method-output">Test skipped: addCartFunctionality with status: 3</span>
                <span class="reporter-method-output">Test started: continueShopping</span>
              </div> <!-- reporter-method-output-div -->
            </div> <!-- reporter-method-div -->
            <div class="reporter-method-div">
              <span class="reporter-method-name">continueShopping</span>
              <div class="reporter-method-output-div">
                <span class="reporter-method-output">Test skipped: continueShopping with status: 3</span>
              </div> <!-- reporter-method-output-div -->
            </div> <!-- reporter-method-div -->
          </div> <!-- main-panel-content rounded-window-bottom -->
        </div> <!-- panel -->
        <div panel-name="ignored-methods-SauceDemo_Test_Suite" class="panel">
          <div class="main-panel-header rounded-window-top">
            <span class="header-content">0 ignored methods</span>
          </div> <!-- main-panel-header rounded-window-top -->
          <div class="main-panel-content rounded-window-bottom">
          </div> <!-- main-panel-content rounded-window-bottom -->
        </div> <!-- panel -->
        <div panel-name="chronological-SauceDemo_Test_Suite" class="panel">
          <div class="main-panel-header rounded-window-top">
            <span class="header-content">Methods in chronological order</span>
          </div> <!-- main-panel-header rounded-window-top -->
          <div class="main-panel-content rounded-window-bottom">
            <div class="chronological-class">
              <div class="chronological-class-name">com.pkg.functionality.TestLogin</div> <!-- chronological-class-name -->
              <div class="configuration-class before">
                <span class="method-name">setUp(chrome)</span>
                <span class="method-start">0 ms</span>
              </div> <!-- configuration-class before -->
              <div class="configuration-class before">
                <span class="method-name">setUp(firefox)</span>
                <span class="method-start">0 ms</span>
              </div> <!-- configuration-class before -->
              <div class="configuration-class before">
                <img src="failed.png">
                </img>
                <span class="method-name">setUp(edge)</span>
                <span class="method-start">0 ms</span>
              </div> <!-- configuration-class before -->
              <div class="test-method">
                <span class="method-name">doLogin(standard_user, secret_sauce)</span>
                <span class="method-start">1855 ms</span>
              </div> <!-- test-method -->
              <div class="test-method">
                <span class="method-name">doLogout</span>
                <span class="method-start">3582 ms</span>
              </div> <!-- test-method -->
              <div class="test-method">
                <span class="method-name">doLogin(standard_user, secret_sauce)</span>
                <span class="method-start">3745 ms</span>
              </div> <!-- test-method -->
              <div class="configuration-class after">
                <span class="method-name">tearDown</span>
                <span class="method-start">4264 ms</span>
              </div> <!-- configuration-class after -->
            </div> <!-- chronological-class -->
            <div class="chronological-class">
              <div class="chronological-class-name">com.pkg.functionality.AddtoCart</div> <!-- chronological-class-name -->
              <div class="configuration-class before">
                <span class="method-name">setUp(chrome)</span>
                <span class="method-start">4420 ms</span>
              </div> <!-- configuration-class before -->
            </div> <!-- chronological-class -->
            <div class="chronological-class">
              <div class="chronological-class-name">com.pkg.functionality.TestLogin</div> <!-- chronological-class-name -->
              <div class="test-method">
                <span class="method-name">doLogout</span>
                <span class="method-start">5744 ms</span>
              </div> <!-- test-method -->
            </div> <!-- chronological-class -->
            <div class="chronological-class">
              <div class="chronological-class-name">com.pkg.functionality.AddtoCart</div> <!-- chronological-class-name -->
              <div class="configuration-class before">
                <span class="method-name">setUp</span>
                <span class="method-start">6180 ms</span>
              </div> <!-- configuration-class before -->
              <div class="test-method">
                <img src="failed.png">
                </img>
                <span class="method-name">addCartFunctionality</span>
                <span class="method-start">6186 ms</span>
              </div> <!-- test-method -->
            </div> <!-- chronological-class -->
            <div class="chronological-class">
              <div class="chronological-class-name">com.pkg.functionality.TestLogin</div> <!-- chronological-class-name -->
              <div class="configuration-class after">
                <span class="method-name">tearDown</span>
                <span class="method-start">6332 ms</span>
              </div> <!-- configuration-class after -->
            </div> <!-- chronological-class -->
            <div class="chronological-class">
              <div class="chronological-class-name">com.pkg.functionality.AddtoCart</div> <!-- chronological-class-name -->
              <div class="configuration-class before">
                <span class="method-name">setUp(firefox)</span>
                <span class="method-start">7287 ms</span>
              </div> <!-- configuration-class before -->
              <div class="configuration-class before">
                <span class="method-name">setUp</span>
                <span class="method-start">10360 ms</span>
              </div> <!-- configuration-class before -->
              <div class="test-method">
                <img src="failed.png">
                </img>
                <span class="method-name">addCartFunctionality</span>
                <span class="method-start">10361 ms</span>
              </div> <!-- test-method -->
              <div class="test-method">
                <span class="method-name">continueShopping</span>
                <span class="method-start">36371 ms</span>
              </div> <!-- test-method -->
              <div class="configuration-class after">
                <span class="method-name">tearDown</span>
                <span class="method-start">36380 ms</span>
              </div> <!-- configuration-class after -->
            </div> <!-- chronological-class -->
            <div class="chronological-class">
              <div class="chronological-class-name">com.pkg.functionality.Checkout</div> <!-- chronological-class-name -->
              <div class="configuration-class before">
                <span class="method-name">setUp(chrome)</span>
                <span class="method-start">36600 ms</span>
              </div> <!-- configuration-class before -->
              <div class="configuration-class before">
                <span class="method-name">setUp</span>
                <span class="method-start">38047 ms</span>
              </div> <!-- configuration-class before -->
              <div class="test-method">
                <img src="failed.png">
                </img>
                <span class="method-name">doCheckout(Shivkumar, Konnuri, 400708)</span>
                <span class="method-start">38052 ms</span>
              </div> <!-- test-method -->
            </div> <!-- chronological-class -->
            <div class="chronological-class">
              <div class="chronological-class-name">com.pkg.functionality.AddtoCart</div> <!-- chronological-class-name -->
              <div class="test-method">
                <span class="method-name">continueShopping</span>
                <span class="method-start">40971 ms</span>
              </div> <!-- test-method -->
              <div class="configuration-class after">
                <span class="method-name">tearDown</span>
                <span class="method-start">40977 ms</span>
              </div> <!-- configuration-class after -->
            </div> <!-- chronological-class -->
            <div class="chronological-class">
              <div class="chronological-class-name">com.pkg.functionality.Checkout</div> <!-- chronological-class-name -->
              <div class="configuration-class before">
                <span class="method-name">setUp(firefox)</span>
                <span class="method-start">42139 ms</span>
              </div> <!-- configuration-class before -->
              <div class="configuration-class before">
                <span class="method-name">setUp</span>
                <span class="method-start">45300 ms</span>
              </div> <!-- configuration-class before -->
              <div class="test-method">
                <img src="failed.png">
                </img>
                <span class="method-name">doCheckout(Shivkumar, Konnuri, 400708)</span>
                <span class="method-start">45301 ms</span>
              </div> <!-- test-method -->
              <div class="test-method">
                <span class="method-name">finishOrCancelCheckout</span>
                <span class="method-start">68701 ms</span>
              </div> <!-- test-method -->
              <div class="configuration-class after">
                <span class="method-name">tearDown</span>
                <span class="method-start">68714 ms</span>
              </div> <!-- configuration-class after -->
              <div class="test-method">
                <span class="method-name">finishOrCancelCheckout</span>
                <span class="method-start">75842 ms</span>
              </div> <!-- test-method -->
              <div class="configuration-class after">
                <span class="method-name">tearDown</span>
                <span class="method-start">75851 ms</span>
              </div> <!-- configuration-class after -->
            </div> <!-- chronological-class -->
            <div class="chronological-class">
              <div class="chronological-class-name">com.pkg.functionality.TestLogin</div> <!-- chronological-class-name -->
              <div class="test-method">
                <span class="method-name">doLogin(standard_user, secret_sauce)</span>
                <span class="method-start">180394 ms</span>
              </div> <!-- test-method -->
              <div class="test-method">
                <span class="method-name">doLogout</span>
                <span class="method-start">180404 ms</span>
              </div> <!-- test-method -->
            </div> <!-- chronological-class -->
            <div class="chronological-class">
              <div class="chronological-class-name">com.pkg.functionality.AddtoCart</div> <!-- chronological-class-name -->
              <div class="configuration-class before">
                <img src="failed.png">
                </img>
                <span class="method-name">setUp(edge)</span>
                <span class="method-start">180415 ms</span>
              </div> <!-- configuration-class before -->
            </div> <!-- chronological-class -->
            <div class="chronological-class">
              <div class="chronological-class-name">com.pkg.functionality.TestLogin</div> <!-- chronological-class-name -->
              <div class="configuration-class after">
                <span class="method-name">tearDown</span>
                <span class="method-start">180415 ms</span>
              </div> <!-- configuration-class after -->
            </div> <!-- chronological-class -->
            <div class="chronological-class">
              <div class="chronological-class-name">com.pkg.functionality.AddtoCart</div> <!-- chronological-class-name -->
              <div class="configuration-class before">
                <img src="failed.png">
                </img>
                <span class="method-name">setUp</span>
                <span class="method-start">360459 ms</span>
              </div> <!-- configuration-class before -->
              <div class="test-method">
                <span class="method-name">addCartFunctionality</span>
                <span class="method-start">360466 ms</span>
              </div> <!-- test-method -->
              <div class="test-method">
                <span class="method-name">continueShopping</span>
                <span class="method-start">360473 ms</span>
              </div> <!-- test-method -->
              <div class="configuration-class after">
                <span class="method-name">tearDown</span>
                <span class="method-start">360481 ms</span>
              </div> <!-- configuration-class after -->
            </div> <!-- chronological-class -->
            <div class="chronological-class">
              <div class="chronological-class-name">com.pkg.functionality.Checkout</div> <!-- chronological-class-name -->
              <div class="configuration-class before">
                <img src="failed.png">
                </img>
                <span class="method-name">setUp(edge)</span>
                <span class="method-start">360482 ms</span>
              </div> <!-- configuration-class before -->
              <div class="configuration-class before">
                <img src="failed.png">
                </img>
                <span class="method-name">setUp</span>
                <span class="method-start">540512 ms</span>
              </div> <!-- configuration-class before -->
              <div class="test-method">
                <span class="method-name">doCheckout(Shivkumar, Konnuri, 400708)</span>
                <span class="method-start">540521 ms</span>
              </div> <!-- test-method -->
              <div class="test-method">
                <span class="method-name">finishOrCancelCheckout</span>
                <span class="method-start">540529 ms</span>
              </div> <!-- test-method -->
              <div class="configuration-class after">
                <span class="method-name">tearDown</span>
                <span class="method-start">540535 ms</span>
              </div> <!-- configuration-class after -->
          </div> <!-- main-panel-content rounded-window-bottom -->
        </div> <!-- panel -->
      </div> <!-- main-panel-root -->
    </div> <!-- wrapper -->
  </body>
<script type="text/javascript" src="testng-reports2.js"></script>
</html>
