<?xml version="1.0" encoding="UTF-8"?>
<!-- Generated by org.testng.reporters.JUnitReportReporter -->
<testsuite hostname="SAK-LAPPDC262" failures="0" tests="7" name="com.pkg.functionality.TestLogin" time="185.272" errors="1" timestamp="2024-10-21T16:03:08 IST" skipped="2">
  <testcase classname="com.pkg.functionality.TestLogin" name="setUp" time="180.381">
    <error message="Could not start a new session. Possible causes are invalid address of the remote server or browser start-up failure. 
Host info: host: &#039;SAK-LAPPDC262&#039;, ip: &#039;192.168.1.100&#039;" type="org.openqa.selenium.SessionNotCreatedException">
      <![CDATA[org.openqa.selenium.SessionNotCreatedException: Could not start a new session. Possible causes are invalid address of the remote server or browser start-up failure. 
Host info: host: 'SAK-LAPPDC262', ip: '192.168.1.100'
at org.openqa.selenium.remote.RemoteWebDriver.execute(RemoteWebDriver.java:545)
at org.openqa.selenium.remote.RemoteWebDriver.startSession(RemoteWebDriver.java:234)
at org.openqa.selenium.remote.RemoteWebDriver.<init>(RemoteWebDriver.java:163)
at org.openqa.selenium.remote.RemoteWebDriver.<init>(RemoteWebDriver.java:143)
at com.pkg.common.BaseDriver.setUp(BaseDriver.java:41)
at java.base/jdk.internal.reflect.NativeMethodAccessorImpl.invoke0(Native Method)
at java.base/jdk.internal.reflect.NativeMethodAccessorImpl.invoke(NativeMethodAccessorImpl.java:77)
at java.base/jdk.internal.reflect.DelegatingMethodAccessorImpl.invoke(DelegatingMethodAccessorImpl.java:43)
at java.base/java.lang.reflect.Method.invoke(Method.java:568)
at org.testng.internal.invokers.MethodInvocationHelper.invokeMethod(MethodInvocationHelper.java:141)
at org.testng.internal.invokers.MethodInvocationHelper.invokeMethodConsideringTimeout(MethodInvocationHelper.java:71)
at org.testng.internal.invokers.ConfigInvoker.invokeConfigurationMethod(ConfigInvoker.java:400)
at org.testng.internal.invokers.ConfigInvoker.invokeConfigurations(ConfigInvoker.java:333)
at org.testng.internal.invokers.TestMethodWorker.invokeBeforeClassMethods(TestMethodWorker.java:188)
at org.testng.internal.invokers.TestMethodWorker.run(TestMethodWorker.java:128)
at java.base/java.util.ArrayList.forEach(ArrayList.java:1511)
at org.testng.TestRunner.privateRun(TestRunner.java:739)
at org.testng.TestRunner.run(TestRunner.java:614)
at org.testng.SuiteRunner.runTest(SuiteRunner.java:421)
at org.testng.SuiteRunner$SuiteWorker.run(SuiteRunner.java:463)
at org.testng.internal.thread.ThreadUtil.lambda$execute$0(ThreadUtil.java:64)
at java.base/java.util.concurrent.FutureTask.run(FutureTask.java:264)
at java.base/java.util.concurrent.ThreadPoolExecutor.runWorker(ThreadPoolExecutor.java:1136)
at java.base/java.util.concurrent.ThreadPoolExecutor$Worker.run(ThreadPoolExecutor.java:635)
at java.base/java.lang.Thread.run(Thread.java:842)
Caused by: org.openqa.selenium.TimeoutException: java.util.concurrent.TimeoutException
Build info: version: '4.23.0', revision: '4df0a231af'
System info: os.name: 'Windows 10', os.arch: 'amd64', os.version: '10.0', java.version: '17.0.12'
Driver info: driver.version: BaseDriver
at org.openqa.selenium.remote.http.jdk.JdkHttpClient.execute0(JdkHttpClient.java:399)
at org.openqa.selenium.remote.http.AddSeleniumUserAgent.lambda$apply$0(AddSeleniumUserAgent.java:42)
at org.openqa.selenium.remote.http.Filter.lambda$andFinally$1(Filter.java:55)
at org.openqa.selenium.remote.http.jdk.JdkHttpClient.execute(JdkHttpClient.java:355)
at org.openqa.selenium.remote.tracing.TracedHttpClient.execute(TracedHttpClient.java:54)
at org.openqa.selenium.remote.ProtocolHandshake.createSession(ProtocolHandshake.java:89)
at org.openqa.selenium.remote.ProtocolHandshake.createSession(ProtocolHandshake.java:75)
at org.openqa.selenium.remote.ProtocolHandshake.createSession(ProtocolHandshake.java:61)
at org.openqa.selenium.remote.HttpCommandExecutor.execute(HttpCommandExecutor.java:162)
at org.openqa.selenium.remote.TracedCommandExecutor.execute(TracedCommandExecutor.java:53)
at org.openqa.selenium.remote.RemoteWebDriver.execute(RemoteWebDriver.java:527)
... 24 more
Caused by: java.util.concurrent.TimeoutException
at java.base/java.util.concurrent.CompletableFuture.timedGet(CompletableFuture.java:1960)
at java.base/java.util.concurrent.CompletableFuture.get(CompletableFuture.java:2095)
at org.openqa.selenium.remote.http.jdk.JdkHttpClient.execute0(JdkHttpClient.java:382)
... 34 more
]]>
    </error>
  </testcase> <!-- setUp -->
  <testcase classname="com.pkg.functionality.TestLogin" name="doLogin" time="1.642">
    <system-out>
      <![CDATA[Test started: doLogin
Test passed: doLogin with status: 1]]>
    </system-out>
  </testcase> <!-- doLogin -->
  <testcase classname="com.pkg.functionality.TestLogin" name="doLogin" time="1.991">
    <system-out>
      <![CDATA[Test started: doLogin
Test passed: doLogin with status: 1]]>
    </system-out>
  </testcase> <!-- doLogin -->
  <testcase classname="com.pkg.functionality.TestLogin" name="doLogout" time="0.583">
    <system-out>
      <![CDATA[Test started: doLogout
Test passed: doLogout with status: 1]]>
    </system-out>
  </testcase> <!-- doLogout -->
  <testcase classname="com.pkg.functionality.TestLogin" name="doLogin" time="0.000">
    <skipped/>
    <system-out>
      <![CDATA[Test skipped: doLogin with status: 3
Test started: doLogout]]>
    </system-out>
  </testcase> <!-- doLogin -->
  <testcase classname="com.pkg.functionality.TestLogin" name="doLogout" time="0.675">
    <system-out>
      <![CDATA[Test started: doLogout
Test passed: doLogout with status: 1]]>
    </system-out>
  </testcase> <!-- doLogout -->
  <testcase classname="com.pkg.functionality.TestLogin" name="doLogout" time="0.000">
    <skipped/>
    <system-out>
      <![CDATA[Test skipped: doLogout with status: 3]]>
    </system-out>
  </testcase> <!-- doLogout -->
  <system-out>
    <![CDATA[Test started: doLogin
Test passed: doLogin with status: 1
Test started: doLogout
Test started: doLogin
Test passed: doLogout with status: 1
Test passed: doLogin with status: 1
Test started: doLogout
Test started: addCartFunctionality
Test passed: doLogout with status: 1
Test started: addCartFunctionality
Test started: continueShopping
Test skipped: continueShopping with status: 3
Test started: doCheckout
Test started: continueShopping
Test skipped: continueShopping with status: 3
Test started: doCheckout
Test started: finishOrCancelCheckout
Test skipped: finishOrCancelCheckout with status: 3
Test started: finishOrCancelCheckout
Test skipped: finishOrCancelCheckout with status: 3
Test started: doLogin
Test skipped: doLogin with status: 3
Test started: doLogout
Test skipped: doLogout with status: 3
Test started: addCartFunctionality
Test skipped: addCartFunctionality with status: 3
Test started: continueShopping
Test skipped: continueShopping with status: 3
Test started: doCheckout
Test skipped: doCheckout with status: 3
Test started: finishOrCancelCheckout
Test skipped: finishOrCancelCheckout with status: 3]]>
  </system-out>
</testsuite> <!-- com.pkg.functionality.TestLogin -->
