<?xml version="1.0" encoding="UTF-8"?>
<!-- Generated by org.testng.reporters.JUnitXMLReporter -->
<testsuite ignored="0" hostname="SAK-LAPPDC262" failures="0" tests="13" name="SauceDemo Test" time="0.755" errors="0" timestamp="2024-10-21T14:28:59 IST">
  <testcase classname="com.pkg.common.BaseDriver" name="@BeforeClass setUp" time="-1.729501138409E9">
    <failure type="org.testng.TestNGException" message="
Parameter &amp;apos;browser&amp;apos; is required by BeforeClass on method setUp but has not been marked @Optional or defined
in C:\Users\Shivkumar.K\Selenium-Workspace\SauceDemoTest_AllureReport\testng.xml">
      <![CDATA[org.testng.TestNGException: 
Parameter 'browser' is required by BeforeClass on method setUp but has not been marked @Optional or defined
in C:\Users\Shivkumar.K\Selenium-Workspace\SauceDemoTest_AllureReport\testng.xml
at java.base/java.util.ArrayList.forEach(ArrayList.java:1511)
... Removed 22 stack frames]]>
    </failure>
  </testcase> <!-- @BeforeClass setUp -->
  <testcase classname="com.pkg.common.BaseDriver" name="@AfterClass tearDown" time="0.0">
    <skipped/>
  </testcase> <!-- @AfterClass tearDown -->
  <testcase classname="com.pkg.common.BaseDriver" name="@BeforeClass setUp" time="-1.729501139081E9">
    <failure type="org.testng.TestNGException" message="
Parameter &amp;apos;browser&amp;apos; is required by BeforeClass on method setUp but has not been marked @Optional or defined
in C:\Users\Shivkumar.K\Selenium-Workspace\SauceDemoTest_AllureReport\testng.xml">
      <![CDATA[org.testng.TestNGException: 
Parameter 'browser' is required by BeforeClass on method setUp but has not been marked @Optional or defined
in C:\Users\Shivkumar.K\Selenium-Workspace\SauceDemoTest_AllureReport\testng.xml
at java.base/java.util.ArrayList.forEach(ArrayList.java:1511)
... Removed 22 stack frames]]>
    </failure>
  </testcase> <!-- @BeforeClass setUp -->
  <testcase classname="com.pkg.common.BaseDriver" name="@AfterClass tearDown" time="0.0">
    <skipped/>
  </testcase> <!-- @AfterClass tearDown -->
  <testcase classname="com.pkg.common.BaseDriver" name="@BeforeClass setUp" time="-1.729501139105E9">
    <failure type="org.testng.TestNGException" message="
Parameter &amp;apos;browser&amp;apos; is required by BeforeClass on method setUp but has not been marked @Optional or defined
in C:\Users\Shivkumar.K\Selenium-Workspace\SauceDemoTest_AllureReport\testng.xml">
      <![CDATA[org.testng.TestNGException: 
Parameter 'browser' is required by BeforeClass on method setUp but has not been marked @Optional or defined
in C:\Users\Shivkumar.K\Selenium-Workspace\SauceDemoTest_AllureReport\testng.xml
at java.base/java.util.ArrayList.forEach(ArrayList.java:1511)
... Removed 22 stack frames]]>
    </failure>
  </testcase> <!-- @BeforeClass setUp -->
  <testcase classname="com.pkg.common.BaseDriver" name="@AfterClass tearDown" time="0.0">
    <skipped/>
  </testcase> <!-- @AfterClass tearDown -->
  <testcase classname="com.pkg.functionality.TestLogin" name="loginTest" time="0.0">
    <skipped/>
  </testcase> <!-- loginTest -->
  <testcase classname="com.pkg.functionality.TestLogin" name="loginTest" time="0.0">
    <skipped/>
  </testcase> <!-- loginTest -->
  <testcase classname="com.pkg.functionality.TestLogin" name="loginTest" time="0.0">
    <skipped/>
  </testcase> <!-- loginTest -->
  <testcase classname="com.pkg.functionality.TestLogin" name="loginTest" time="0.0">
    <skipped/>
  </testcase> <!-- loginTest -->
  <testcase classname="com.pkg.functionality.TestLogin" name="loginTest" time="0.0">
    <skipped/>
  </testcase> <!-- loginTest -->
  <testcase classname="com.pkg.functionality.TestLogin" name="loginTest" time="0.0">
    <skipped/>
  </testcase> <!-- loginTest -->
  <testcase classname="com.pkg.functionality.TestLogin" name="loginTest" time="0.0">
    <skipped/>
  </testcase> <!-- loginTest -->
  <testcase classname="com.pkg.functionality.TestLogin" name="doLogin" time="0.0">
    <skipped/>
  </testcase> <!-- doLogin -->
  <testcase classname="com.pkg.functionality.AddtoCart" name="addCartFunctionality" time="0.0">
    <skipped/>
  </testcase> <!-- addCartFunctionality -->
  <testcase classname="com.pkg.functionality.AddtoCart" name="continueShopping" time="0.0">
    <skipped/>
  </testcase> <!-- continueShopping -->
  <testcase classname="com.pkg.functionality.Checkout" name="doCheckout" time="0.0">
    <skipped/>
  </testcase> <!-- doCheckout -->
  <testcase classname="com.pkg.functionality.Checkout" name="finishOrCancelCheckout" time="0.0">
    <skipped/>
  </testcase> <!-- finishOrCancelCheckout -->
  <testcase classname="com.pkg.functionality.Checkout" name="checkoutWithEmptyCart" time="0.0">
    <skipped/>
  </testcase> <!-- checkoutWithEmptyCart -->
</testsuite> <!-- SauceDemo Test -->
